{15:48:32.779 [Test worker] ERROR c.t.b.dod.BookContentDataOnDemand - Failed to read pdf test file from classpath resource.
ujava.io.FileNotFoundException: class path resource [files/pdf-sample.pdf] cannot be opened because it does not exist
]	at org.springframework.core.io.ClassPathResource.getInputStream(ClassPathResource.java:180)
h	at com.tbo.bookapp.dod.BookContentDataOnDemand.getContentFromResource(BookContentDataOnDemand.java:68)
a	at com.tbo.bookapp.dod.BookContentDataOnDemand.getNewTransient(BookContentDataOnDemand.java:53)
a	at com.tbo.bookapp.dod.BookContentDataOnDemand.getNewTransient(BookContentDataOnDemand.java:30)
Y	at com.tbo.bookapp.dod.AppDataOnDemandImpl.getNewPersisted(AppDataOnDemandImpl.java:63)
Z	at com.tbo.bookapp.service.BookContentServiceTest.delete(BookContentServiceTest.java:64)
@	at sun.reflect.NativeMethodAccessorImpl.invoke0(Native Method)
R	at sun.reflect.NativeMethodAccessorImpl.invoke(NativeMethodAccessorImpl.java:62)
Z	at sun.reflect.DelegatingMethodAccessorImpl.invoke(DelegatingMethodAccessorImpl.java:43)
5	at java.lang.reflect.Method.invoke(Method.java:498)
Y	at org.junit.runners.model.FrameworkMethod$1.runReflectiveCall(FrameworkMethod.java:50)
X	at org.junit.internal.runners.model.ReflectiveCallable.run(ReflectiveCallable.java:12)
W	at org.junit.runners.model.FrameworkMethod.invokeExplosively(FrameworkMethod.java:47)
V	at org.junit.internal.runners.statements.InvokeMethod.evaluate(InvokeMethod.java:17)
‰	at org.springframework.test.context.junit4.statements.RunBeforeTestExecutionCallbacks.evaluate(RunBeforeTestExecutionCallbacks.java:73)
‡	at org.springframework.test.context.junit4.statements.RunAfterTestExecutionCallbacks.evaluate(RunAfterTestExecutionCallbacks.java:83)
ƒ	at org.springframework.test.context.junit4.statements.RunBeforeTestMethodCallbacks.evaluate(RunBeforeTestMethodCallbacks.java:75)
	at org.springframework.test.context.junit4.statements.RunAfterTestMethodCallbacks.evaluate(RunAfterTestMethodCallbacks.java:86)
f	at org.junit.rules.ExpectedException$ExpectedExceptionStatement.evaluate(ExpectedException.java:239)
8	at org.junit.rules.RunRules.evaluate(RunRules.java:20)
c	at org.springframework.test.context.junit4.statements.SpringRepeat.evaluate(SpringRepeat.java:84)
B	at org.junit.runners.ParentRunner.runLeaf(ParentRunner.java:325)
o	at org.springframework.test.context.junit4.SpringJUnit4ClassRunner.runChild(SpringJUnit4ClassRunner.java:251)
n	at org.springframework.test.context.junit4.SpringJUnit4ClassRunner.runChild(SpringJUnit4ClassRunner.java:97)
@	at org.junit.runners.ParentRunner$3.run(ParentRunner.java:290)
D	at org.junit.runners.ParentRunner$1.schedule(ParentRunner.java:71)
F	at org.junit.runners.ParentRunner.runChildren(ParentRunner.java:288)
D	at org.junit.runners.ParentRunner.access$000(ParentRunner.java:58)
E	at org.junit.runners.ParentRunner$2.evaluate(ParentRunner.java:268)
	at org.springframework.test.context.junit4.statements.RunBeforeTestClassCallbacks.evaluate(RunBeforeTestClassCallbacks.java:61)
	at org.springframework.test.context.junit4.statements.RunAfterTestClassCallbacks.evaluate(RunAfterTestClassCallbacks.java:70)
>	at org.junit.runners.ParentRunner.run(ParentRunner.java:363)
j	at org.springframework.test.context.junit4.SpringJUnit4ClassRunner.run(SpringJUnit4ClassRunner.java:190)
u	at org.gradle.api.internal.tasks.testing.junit.JUnitTestClassExecuter.runTestClass(JUnitTestClassExecuter.java:114)
o	at org.gradle.api.internal.tasks.testing.junit.JUnitTestClassExecuter.execute(JUnitTestClassExecuter.java:57)
z	at org.gradle.api.internal.tasks.testing.junit.JUnitTestClassProcessor.processTestClass(JUnitTestClassProcessor.java:66)
t	at org.gradle.api.internal.tasks.testing.SuiteTestClassProcessor.processTestClass(SuiteTestClassProcessor.java:51)
@	at sun.reflect.NativeMethodAccessorImpl.invoke0(Native Method)
R	at sun.reflect.NativeMethodAccessorImpl.invoke(NativeMethodAccessorImpl.java:62)
Z	at sun.reflect.DelegatingMethodAccessorImpl.invoke(DelegatingMethodAccessorImpl.java:43)
5	at java.lang.reflect.Method.invoke(Method.java:498)
Y	at org.gradle.internal.dispatch.ReflectionDispatch.dispatch(ReflectionDispatch.java:35)
Y	at org.gradle.internal.dispatch.ReflectionDispatch.dispatch(ReflectionDispatch.java:24)
i	at org.gradle.internal.dispatch.ContextClassLoaderDispatch.dispatch(ContextClassLoaderDispatch.java:32)
x	at org.gradle.internal.dispatch.ProxyDispatchAdapter$DispatchingInvocationHandler.invoke(ProxyDispatchAdapter.java:93)
;	at com.sun.proxy.$Proxy1.processTestClass(Unknown Source)
b	at org.gradle.api.internal.tasks.testing.worker.TestWorker.processTestClass(TestWorker.java:108)
@	at sun.reflect.NativeMethodAccessorImpl.invoke0(Native Method)
R	at sun.reflect.NativeMethodAccessorImpl.invoke(NativeMethodAccessorImpl.java:62)
Z	at sun.reflect.DelegatingMethodAccessorImpl.invoke(DelegatingMethodAccessorImpl.java:43)
5	at java.lang.reflect.Method.invoke(Method.java:498)
Y	at org.gradle.internal.dispatch.ReflectionDispatch.dispatch(ReflectionDispatch.java:35)
Y	at org.gradle.internal.dispatch.ReflectionDispatch.dispatch(ReflectionDispatch.java:24)
‘	at org.gradle.internal.remote.internal.hub.MessageHubBackedObjectConnection$DispatchWrapper.dispatch(MessageHubBackedObjectConnection.java:146)
‘	at org.gradle.internal.remote.internal.hub.MessageHubBackedObjectConnection$DispatchWrapper.dispatch(MessageHubBackedObjectConnection.java:128)
X	at org.gradle.internal.remote.internal.hub.MessageHub$Handler.run(MessageHub.java:404)
k	at org.gradle.internal.concurrent.ExecutorPolicy$CatchAndRecordFailures.onExecute(ExecutorPolicy.java:63)
Z	at org.gradle.internal.concurrent.ManagedExecutorImpl$1.run(ManagedExecutorImpl.java:46)
T	at java.util.concurrent.ThreadPoolExecutor.runWorker(ThreadPoolExecutor.java:1149)
T	at java.util.concurrent.ThreadPoolExecutor$Worker.run(ThreadPoolExecutor.java:624)
j	at org.gradle.internal.concurrent.ThreadFactoryImpl$ManagedThreadRunnable.run(ThreadFactoryImpl.java:55)
*	at java.lang.Thread.run(Thread.java:748)
{15:48:32.914 [Test worker] ERROR c.t.b.dod.BookContentDataOnDemand - Failed to read pdf test file from classpath resource.
ujava.io.FileNotFoundException: class path resource [files/pdf-sample.pdf] cannot be opened because it does not exist
]	at org.springframework.core.io.ClassPathResource.getInputStream(ClassPathResource.java:180)
h	at com.tbo.bookapp.dod.BookContentDataOnDemand.getContentFromResource(BookContentDataOnDemand.java:68)
a	at com.tbo.bookapp.dod.BookContentDataOnDemand.getNewTransient(BookContentDataOnDemand.java:53)
X	at com.tbo.bookapp.service.BookContentServiceTest.save(BookContentServiceTest.java:53)
@	at sun.reflect.NativeMethodAccessorImpl.invoke0(Native Method)
R	at sun.reflect.NativeMethodAccessorImpl.invoke(NativeMethodAccessorImpl.java:62)
Z	at sun.reflect.DelegatingMethodAccessorImpl.invoke(DelegatingMethodAccessorImpl.java:43)
5	at java.lang.reflect.Method.invoke(Method.java:498)
Y	at org.junit.runners.model.FrameworkMethod$1.runReflectiveCall(FrameworkMethod.java:50)
X	at org.junit.internal.runners.model.ReflectiveCallable.run(ReflectiveCallable.java:12)
W	at org.junit.runners.model.FrameworkMethod.invokeExplosively(FrameworkMethod.java:47)
V	at org.junit.internal.runners.statements.InvokeMethod.evaluate(InvokeMethod.java:17)
‰	at org.springframework.test.context.junit4.statements.RunBeforeTestExecutionCallbacks.evaluate(RunBeforeTestExecutionCallbacks.java:73)
‡	at org.springframework.test.context.junit4.statements.RunAfterTestExecutionCallbacks.evaluate(RunAfterTestExecutionCallbacks.java:83)
ƒ	at org.springframework.test.context.junit4.statements.RunBeforeTestMethodCallbacks.evaluate(RunBeforeTestMethodCallbacks.java:75)
	at org.springframework.test.context.junit4.statements.RunAfterTestMethodCallbacks.evaluate(RunAfterTestMethodCallbacks.java:86)
f	at org.junit.rules.ExpectedException$ExpectedExceptionStatement.evaluate(ExpectedException.java:239)
8	at org.junit.rules.RunRules.evaluate(RunRules.java:20)
c	at org.springframework.test.context.junit4.statements.SpringRepeat.evaluate(SpringRepeat.java:84)
B	at org.junit.runners.ParentRunner.runLeaf(ParentRunner.java:325)
o	at org.springframework.test.context.junit4.SpringJUnit4ClassRunner.runChild(SpringJUnit4ClassRunner.java:251)
n	at org.springframework.test.context.junit4.SpringJUnit4ClassRunner.runChild(SpringJUnit4ClassRunner.java:97)
@	at org.junit.runners.ParentRunner$3.run(ParentRunner.java:290)
D	at org.junit.runners.ParentRunner$1.schedule(ParentRunner.java:71)
F	at org.junit.runners.ParentRunner.runChildren(ParentRunner.java:288)
D	at org.junit.runners.ParentRunner.access$000(ParentRunner.java:58)
E	at org.junit.runners.ParentRunner$2.evaluate(ParentRunner.java:268)
	at org.springframework.test.context.junit4.statements.RunBeforeTestClassCallbacks.evaluate(RunBeforeTestClassCallbacks.java:61)
	at org.springframework.test.context.junit4.statements.RunAfterTestClassCallbacks.evaluate(RunAfterTestClassCallbacks.java:70)
>	at org.junit.runners.ParentRunner.run(ParentRunner.java:363)
j	at org.springframework.test.context.junit4.SpringJUnit4ClassRunner.run(SpringJUnit4ClassRunner.java:190)
u	at org.gradle.api.internal.tasks.testing.junit.JUnitTestClassExecuter.runTestClass(JUnitTestClassExecuter.java:114)
o	at org.gradle.api.internal.tasks.testing.junit.JUnitTestClassExecuter.execute(JUnitTestClassExecuter.java:57)
z	at org.gradle.api.internal.tasks.testing.junit.JUnitTestClassProcessor.processTestClass(JUnitTestClassProcessor.java:66)
t	at org.gradle.api.internal.tasks.testing.SuiteTestClassProcessor.processTestClass(SuiteTestClassProcessor.java:51)
@	at sun.reflect.NativeMethodAccessorImpl.invoke0(Native Method)
R	at sun.reflect.NativeMethodAccessorImpl.invoke(NativeMethodAccessorImpl.java:62)
Z	at sun.reflect.DelegatingMethodAccessorImpl.invoke(DelegatingMethodAccessorImpl.java:43)
5	at java.lang.reflect.Method.invoke(Method.java:498)
Y	at org.gradle.internal.dispatch.ReflectionDispatch.dispatch(ReflectionDispatch.java:35)
Y	at org.gradle.internal.dispatch.ReflectionDispatch.dispatch(ReflectionDispatch.java:24)
i	at org.gradle.internal.dispatch.ContextClassLoaderDispatch.dispatch(ContextClassLoaderDispatch.java:32)
x	at org.gradle.internal.dispatch.ProxyDispatchAdapter$DispatchingInvocationHandler.invoke(ProxyDispatchAdapter.java:93)
;	at com.sun.proxy.$Proxy1.processTestClass(Unknown Source)
b	at org.gradle.api.internal.tasks.testing.worker.TestWorker.processTestClass(TestWorker.java:108)
@	at sun.reflect.NativeMethodAccessorImpl.invoke0(Native Method)
R	at sun.reflect.NativeMethodAccessorImpl.invoke(NativeMethodAccessorImpl.java:62)
Z	at sun.reflect.DelegatingMethodAccessorImpl.invoke(DelegatingMethodAccessorImpl.java:43)
5	at java.lang.reflect.Method.invoke(Method.java:498)
Y	at org.gradle.internal.dispatch.ReflectionDispatch.dispatch(ReflectionDispatch.java:35)
Y	at org.gradle.internal.dispatch.ReflectionDispatch.dispatch(ReflectionDispatch.java:24)
‘	at org.gradle.internal.remote.internal.hub.MessageHubBackedObjectConnection$DispatchWrapper.dispatch(MessageHubBackedObjectConnection.java:146)
‘	at org.gradle.internal.remote.internal.hub.MessageHubBackedObjectConnection$DispatchWrapper.dispatch(MessageHubBackedObjectConnection.java:128)
X	at org.gradle.internal.remote.internal.hub.MessageHub$Handler.run(MessageHub.java:404)
k	at org.gradle.internal.concurrent.ExecutorPolicy$CatchAndRecordFailures.onExecute(ExecutorPolicy.java:63)
Z	at org.gradle.internal.concurrent.ManagedExecutorImpl$1.run(ManagedExecutorImpl.java:46)
T	at java.util.concurrent.ThreadPoolExecutor.runWorker(ThreadPoolExecutor.java:1149)
T	at java.util.concurrent.ThreadPoolExecutor$Worker.run(ThreadPoolExecutor.java:624)
j	at org.gradle.internal.concurrent.ThreadFactoryImpl$ManagedThreadRunnable.run(ThreadFactoryImpl.java:55)
*	at java.lang.Thread.run(Thread.java:748)
